{"name": "test_tcapi003", "status": "failed", "statusDetails": {"message": "Failed: API Test TCAPI003 failed: Expected 405, got 200\nassert 200 == 405\n +  where 200 = <Response [200]>.status_code", "trace": "def test_tcapi003():\n            test_id = \"TCAPI003\"\n            \"\"\"PUT not allowed on products list\"\"\"\n            try:\n                url = \"https://automationexercise.com/api/productsList\"\n                method = \"PUT\"\n                payload = \"{\\\"name\\\": \\\"Updated Product\\\"}\"\n    \n                # Send request based on method\n                if method == \"GET\":\n                    response = requests.get(url)\n                elif method == \"POST\":\n                    response = requests.post(url, json=payload)\n                elif method == \"PUT\":\n                    response = requests.put(url, json=payload)\n                elif method == \"DELETE\":\n                    response = requests.delete(url)\n                else:\n                    pytest.fail(f\"Unsupported HTTP method: {method}\")\n    \n                # Assert expected status code\n>               assert response.status_code == 405, f\"Expected 405, got {response.status_code}\"\nE               AssertionError: Expected 405, got 200\nE               assert 200 == 405\nE                +  where 200 = <Response [200]>.status_code\n\ntests/api/test_tcapi003.py:26: AssertionError\n\nDuring handling of the above exception, another exception occurred:\n\n    def test_tcapi003():\n            test_id = \"TCAPI003\"\n            \"\"\"PUT not allowed on products list\"\"\"\n            try:\n                url = \"https://automationexercise.com/api/productsList\"\n                method = \"PUT\"\n                payload = \"{\\\"name\\\": \\\"Updated Product\\\"}\"\n    \n                # Send request based on method\n                if method == \"GET\":\n                    response = requests.get(url)\n                elif method == \"POST\":\n                    response = requests.post(url, json=payload)\n                elif method == \"PUT\":\n                    response = requests.put(url, json=payload)\n                elif method == \"DELETE\":\n                    response = requests.delete(url)\n                else:\n                    pytest.fail(f\"Unsupported HTTP method: {method}\")\n    \n                # Assert expected status code\n                assert response.status_code == 405, f\"Expected 405, got {response.status_code}\"\n    \n                # Parse JSON response if applicable\n                try:\n                    data = response.json()\n                except ValueError:\n                    pytest.fail(\"Response is not valid JSON\")\n    \n                # Check for expected keys in JSON\n                expected_keys = []\n                for key in expected_keys:\n                    assert key in data, f\"Key '{key}' not found in response JSON\"\n    \n                print(f\"API Test {test_id} passed\")\n    \n            except Exception as e:\n>               pytest.fail(f\"API Test {test_id} failed: {e}\")\nE               Failed: API Test TCAPI003 failed: Expected 405, got 200\nE               assert 200 == 405\nE                +  where 200 = <Response [200]>.status_code\n\ntests/api/test_tcapi003.py:42: Failed"}, "start": 1766403630243, "stop": 1766403630727, "uuid": "01b0bd6b-31a9-4d0e-944b-8b8b33792285", "historyId": "12c1f3afc9b95817a1203fa8bbe62d18", "testCaseId": "12c1f3afc9b95817a1203fa8bbe62d18", "fullName": "tests.api.test_tcapi003#test_tcapi003", "labels": [{"name": "parentSuite", "value": "tests.api"}, {"name": "suite", "value": "test_tcapi003"}, {"name": "host", "value": "MOOO"}, {"name": "thread", "value": "76355-MainThread"}, {"name": "framework", "value": "pytest"}, {"name": "language", "value": "cpython3"}, {"name": "package", "value": "tests.api.test_tcapi003"}], "titlePath": ["tests", "api", "test_tcapi003.py"]}