{"name": "test_tcapi004", "status": "failed", "statusDetails": {"message": "Failed: API Test TCAPI004 failed: Expected 405, got 200\nassert 200 == 405\n +  where 200 = <Response [200]>.status_code", "trace": "def test_tcapi004():\n            test_id = \"TCAPI004\"\n            \"\"\"DELETE not allowed on products list\"\"\"\n            try:\n                url = \"https://automationexercise.com/api/productsList\"\n                method = \"DELETE\"\n                payload = \"\"\n    \n                # Send request based on method\n                if method == \"GET\":\n                    response = requests.get(url)\n                elif method == \"POST\":\n                    response = requests.post(url, json=payload)\n                elif method == \"PUT\":\n                    response = requests.put(url, json=payload)\n                elif method == \"DELETE\":\n                    response = requests.delete(url)\n                else:\n                    pytest.fail(f\"Unsupported HTTP method: {method}\")\n    \n                # Assert expected status code\n>               assert response.status_code == 405, f\"Expected 405, got {response.status_code}\"\nE               AssertionError: Expected 405, got 200\nE               assert 200 == 405\nE                +  where 200 = <Response [200]>.status_code\n\ntests/api/test_tcapi004.py:26: AssertionError\n\nDuring handling of the above exception, another exception occurred:\n\n    def test_tcapi004():\n            test_id = \"TCAPI004\"\n            \"\"\"DELETE not allowed on products list\"\"\"\n            try:\n                url = \"https://automationexercise.com/api/productsList\"\n                method = \"DELETE\"\n                payload = \"\"\n    \n                # Send request based on method\n                if method == \"GET\":\n                    response = requests.get(url)\n                elif method == \"POST\":\n                    response = requests.post(url, json=payload)\n                elif method == \"PUT\":\n                    response = requests.put(url, json=payload)\n                elif method == \"DELETE\":\n                    response = requests.delete(url)\n                else:\n                    pytest.fail(f\"Unsupported HTTP method: {method}\")\n    \n                # Assert expected status code\n                assert response.status_code == 405, f\"Expected 405, got {response.status_code}\"\n    \n                # Parse JSON response if applicable\n                try:\n                    data = response.json()\n                except ValueError:\n                    pytest.fail(\"Response is not valid JSON\")\n    \n                # Check for expected keys in JSON\n                expected_keys = []\n                for key in expected_keys:\n                    assert key in data, f\"Key '{key}' not found in response JSON\"\n    \n                print(f\"API Test {test_id} passed\")\n    \n            except Exception as e:\n>               pytest.fail(f\"API Test {test_id} failed: {e}\")\nE               Failed: API Test TCAPI004 failed: Expected 405, got 200\nE               assert 200 == 405\nE                +  where 200 = <Response [200]>.status_code\n\ntests/api/test_tcapi004.py:42: Failed"}, "start": 1766403630732, "stop": 1766403631229, "uuid": "9fbd5d4a-fd40-416a-8e96-da36199a20e7", "historyId": "89ea31a77fa42a93de571f53ccbb7169", "testCaseId": "89ea31a77fa42a93de571f53ccbb7169", "fullName": "tests.api.test_tcapi004#test_tcapi004", "labels": [{"name": "parentSuite", "value": "tests.api"}, {"name": "suite", "value": "test_tcapi004"}, {"name": "host", "value": "MOOO"}, {"name": "thread", "value": "76355-MainThread"}, {"name": "framework", "value": "pytest"}, {"name": "language", "value": "cpython3"}, {"name": "package", "value": "tests.api.test_tcapi004"}], "titlePath": ["tests", "api", "test_tcapi004.py"]}